# JRE version: OpenJDK Runtime Environment Temurin-17.0.11+9 (17.0.11+9) (build 17.0.11+9)
# Java VM: OpenJDK 64-Bit Server VM Temurin-17.0.11+9 (17.0.11+9, mixed mode, tiered, compressed oops, compressed class ptrs, parallel gc, windows-amd64)
GC Precious Log:
 CPUs: 16 total, 16 available
 Memory: 15789M
 Large Page Support: Disabled
 NUMA Support: Disabled
 Compressed Oops: Enabled (32-bit)
 Alignments: Space 512K, Generation 512K, Heap 2M
 Heap Min Capacity: 100M
 Heap Initial Capacity: 100M
 Heap Max Capacity: 1G
 Pre-touch: Disabled
 Parallel Workers: 13
Heap:
 PSYoungGen      total 3584K, used 2019K [0x00000000eab00000, 0x00000000eb600000, 0x0000000100000000)
  eden space 1536K, 0% used [0x00000000eab00000,0x00000000eab00000,0x00000000eac80000)
  from space 2048K, 98% used [0x00000000eb080000,0x00000000eb278da0,0x00000000eb280000)
  to   space 4096K, 0% used [0x00000000eac80000,0x00000000eac80000,0x00000000eb080000)
 ParOldGen       total 327680K, used 326419K [0x00000000c0000000, 0x00000000d4000000, 0x00000000eab00000)
  object space 327680K, 99% used [0x00000000c0000000,0x00000000d3ec4ef8,0x00000000d4000000)
 Metaspace       used 99871K, committed 101376K, reserved 1179648K
  class space    used 9975K, committed 10688K, reserved 1048576K
GC Heap History (20 events):
Event: 770.586 GC heap after
{Heap after GC invocations=4087 (full 92):
 PSYoungGen      total 9216K, used 4288K [0x00000000eab00000, 0x00000000ebb80000, 0x0000000100000000)
  eden space 4608K, 0% used [0x00000000eab00000,0x00000000eab00000,0x00000000eaf80000)
  from space 4608K, 93% used [0x00000000eaf80000,0x00000000eb3b0000,0x00000000eb400000)
  to   space 5632K, 0% used [0x00000000eb600000,0x00000000eb600000,0x00000000ebb80000)
 ParOldGen       total 327680K, used 301924K [0x00000000c0000000, 0x00000000d4000000, 0x00000000eab00000)
  object space 327680K, 92% used [0x00000000c0000000,0x00000000d26d92e8,0x00000000d4000000)
 Metaspace       used 99871K, committed 101376K, reserved 1179648K
  class space    used 9975K, committed 10688K, reserved 1048576K
}
Event: 770.646 GC heap before
{Heap before GC invocations=4088 (full 92):
 PSYoungGen      total 9216K, used 8895K [0x00000000eab00000, 0x00000000ebb80000, 0x0000000100000000)
  eden space 4608K, 99% used [0x00000000eab00000,0x00000000eaf7ffe0,0x00000000eaf80000)
  from space 4608K, 93% used [0x00000000eaf80000,0x00000000eb3b0000,0x00000000eb400000)
  to   space 5632K, 0% used [0x00000000eb600000,0x00000000eb600000,0x00000000ebb80000)
 ParOldGen       total 327680K, used 301924K [0x00000000c0000000, 0x00000000d4000000, 0x00000000eab00000)
  object space 327680K, 92% used [0x00000000c0000000,0x00000000d26d92e8,0x00000000d4000000)
 Metaspace       used 99871K, committed 101376K, reserved 1179648K
  class space    used 9975K, committed 10688K, reserved 1048576K
}
Event: 770.651 GC heap after
{Heap after GC invocations=4088 (full 92):
 PSYoungGen      total 9728K, used 4640K [0x00000000eab00000, 0x00000000ebb00000, 0x0000000100000000)
  eden space 4608K, 0% used [0x00000000eab00000,0x00000000eab00000,0x00000000eaf80000)
  from space 5120K, 90% used [0x00000000eb600000,0x00000000eba88000,0x00000000ebb00000)
  to   space 5120K, 0% used [0x00000000eb100000,0x00000000eb100000,0x00000000eb600000)
 ParOldGen       total 327680K, used 305676K [0x00000000c0000000, 0x00000000d4000000, 0x00000000eab00000)
  object space 327680K, 93% used [0x00000000c0000000,0x00000000d2a832e8,0x00000000d4000000)
 Metaspace       used 99871K, committed 101376K, reserved 1179648K
  class space    used 9975K, committed 10688K, reserved 1048576K
}
Event: 770.668 GC heap before
{Heap before GC invocations=4089 (full 92):
 PSYoungGen      total 9728K, used 9248K [0x00000000eab00000, 0x00000000ebb00000, 0x0000000100000000)
  eden space 4608K, 100% used [0x00000000eab00000,0x00000000eaf80000,0x00000000eaf80000)
  from space 5120K, 90% used [0x00000000eb600000,0x00000000eba88000,0x00000000ebb00000)
  to   space 5120K, 0% used [0x00000000eb100000,0x00000000eb100000,0x00000000eb600000)
 ParOldGen       total 327680K, used 305676K [0x00000000c0000000, 0x00000000d4000000, 0x00000000eab00000)
  object space 327680K, 93% used [0x00000000c0000000,0x00000000d2a832e8,0x00000000d4000000)
 Metaspace       used 99871K, committed 101376K, reserved 1179648K
  class space    used 9975K, committed 10688K, reserved 1048576K
}
Event: 770.672 GC heap after
{Heap after GC invocations=4089 (full 92):
 PSYoungGen      total 9728K, used 3697K [0x00000000eab00000, 0x00000000eb880000, 0x0000000100000000)
  eden space 5632K, 0% used [0x00000000eab00000,0x00000000eab00000,0x00000000eb080000)
  from space 4096K, 90% used [0x00000000eb100000,0x00000000eb49c530,0x00000000eb500000)
  to   space 3584K, 0% used [0x00000000eb500000,0x00000000eb500000,0x00000000eb880000)
 ParOldGen       total 327680K, used 309156K [0x00000000c0000000, 0x00000000d4000000, 0x00000000eab00000)
  object space 327680K, 94% used [0x00000000c0000000,0x00000000d2de92e8,0x00000000d4000000)
 Metaspace       used 99871K, committed 101376K, reserved 1179648K
  class space    used 9975K, committed 10688K, reserved 1048576K
}
Event: 770.679 GC heap before
{Heap before GC invocations=4090 (full 92):
 PSYoungGen      total 9728K, used 9329K [0x00000000eab00000, 0x00000000eb880000, 0x0000000100000000)
  eden space 5632K, 100% used [0x00000000eab00000,0x00000000eb080000,0x00000000eb080000)
  from space 4096K, 90% used [0x00000000eb100000,0x00000000eb49c530,0x00000000eb500000)
  to   space 3584K, 0% used [0x00000000eb500000,0x00000000eb500000,0x00000000eb880000)
 ParOldGen       total 327680K, used 309156K [0x00000000c0000000, 0x00000000d4000000, 0x00000000eab00000)
  object space 327680K, 94% used [0x00000000c0000000,0x00000000d2de92e8,0x00000000d4000000)
 Metaspace       used 99871K, committed 101376K, reserved 1179648K
  class space    used 9975K, committed 10688K, reserved 1048576K
}
Event: 770.683 GC heap after
{Heap after GC invocations=4090 (full 92):
 PSYoungGen      total 4096K, used 3572K [0x00000000eab00000, 0x00000000ec600000, 0x0000000100000000)
  eden space 512K, 0% used [0x00000000eab00000,0x00000000eab00000,0x00000000eab80000)
  from space 3584K, 99% used [0x00000000eb500000,0x00000000eb87d270,0x00000000eb880000)
  to   space 9728K, 0% used [0x00000000eab80000,0x00000000eab80000,0x00000000eb500000)
 ParOldGen       total 327680K, used 314593K [0x00000000c0000000, 0x00000000d4000000, 0x00000000eab00000)
  object space 327680K, 96% used [0x00000000c0000000,0x00000000d3338408,0x00000000d4000000)
 Metaspace       used 99871K, committed 101376K, reserved 1179648K
  class space    used 9975K, committed 10688K, reserved 1048576K
}
Event: 770.684 GC heap before
{Heap before GC invocations=4091 (full 92):
 PSYoungGen      total 4096K, used 4084K [0x00000000eab00000, 0x00000000ec600000, 0x0000000100000000)
  eden space 512K, 100% used [0x00000000eab00000,0x00000000eab80000,0x00000000eab80000)
  from space 3584K, 99% used [0x00000000eb500000,0x00000000eb87d270,0x00000000eb880000)
  to   space 9728K, 0% used [0x00000000eab80000,0x00000000eab80000,0x00000000eb500000)
 ParOldGen       total 327680K, used 314593K [0x00000000c0000000, 0x00000000d4000000, 0x00000000eab00000)
  object space 327680K, 96% used [0x00000000c0000000,0x00000000d3338408,0x00000000d4000000)
 Metaspace       used 99871K, committed 101376K, reserved 1179648K
  class space    used 9975K, committed 10688K, reserved 1048576K
}
Event: 770.686 GC heap after
{Heap after GC invocations=4091 (full 92):
 PSYoungGen      total 1536K, used 645K [0x00000000eab00000, 0x00000000eb580000, 0x0000000100000000)
  eden space 512K, 0% used [0x00000000eab00000,0x00000000eab00000,0x00000000eab80000)
  from space 1024K, 63% used [0x00000000eab80000,0x00000000eac21690,0x00000000eac80000)
  to   space 4096K, 0% used [0x00000000eb180000,0x00000000eb180000,0x00000000eb580000)
 ParOldGen       total 327680K, used 318226K [0x00000000c0000000, 0x00000000d4000000, 0x00000000eab00000)
  object space 327680K, 97% used [0x00000000c0000000,0x00000000d36c48c8,0x00000000d4000000)
 Metaspace       used 99871K, committed 101376K, reserved 1179648K
  class space    used 9975K, committed 10688K, reserved 1048576K
}
Event: 770.687 GC heap before
{Heap before GC invocations=4092 (full 92):
 PSYoungGen      total 1536K, used 1156K [0x00000000eab00000, 0x00000000eb580000, 0x0000000100000000)
  eden space 512K, 99% used [0x00000000eab00000,0x00000000eab7fc60,0x00000000eab80000)
  from space 1024K, 63% used [0x00000000eab80000,0x00000000eac21690,0x00000000eac80000)
  to   space 4096K, 0% used [0x00000000eb180000,0x00000000eb180000,0x00000000eb580000)
 ParOldGen       total 327680K, used 318226K [0x00000000c0000000, 0x00000000d4000000, 0x00000000eab00000)
  object space 327680K, 97% used [0x00000000c0000000,0x00000000d36c48c8,0x00000000d4000000)
 Metaspace       used 99871K, committed 101376K, reserved 1179648K
  class space    used 9975K, committed 10688K, reserved 1048576K
}
Event: 770.689 GC heap after
{Heap after GC invocations=4092 (full 92):
 PSYoungGen      total 2048K, used 855K [0x00000000eab00000, 0x00000000eb280000, 0x0000000100000000)
  eden space 1024K, 0% used [0x00000000eab00000,0x00000000eab00000,0x00000000eac00000)
  from space 1024K, 83% used [0x00000000eb180000,0x00000000eb255f80,0x00000000eb280000)
  to   space 1536K, 0% used [0x00000000eaf80000,0x00000000eaf80000,0x00000000eb100000)
 ParOldGen       total 327680K, used 318758K [0x00000000c0000000, 0x00000000d4000000, 0x00000000eab00000)
  object space 327680K, 97% used [0x00000000c0000000,0x00000000d3749938,0x00000000d4000000)
 Metaspace       used 99871K, committed 101376K, reserved 1179648K
  class space    used 9975K, committed 10688K, reserved 1048576K
}
Event: 770.691 GC heap before
{Heap before GC invocations=4093 (full 92):
 PSYoungGen      total 2048K, used 1879K [0x00000000eab00000, 0x00000000eb280000, 0x0000000100000000)
  eden space 1024K, 100% used [0x00000000eab00000,0x00000000eac00000,0x00000000eac00000)
  from space 1024K, 83% used [0x00000000eb180000,0x00000000eb255f80,0x00000000eb280000)
  to   space 1536K, 0% used [0x00000000eaf80000,0x00000000eaf80000,0x00000000eb100000)
 ParOldGen       total 327680K, used 318758K [0x00000000c0000000, 0x00000000d4000000, 0x00000000eab00000)
  object space 327680K, 97% used [0x00000000c0000000,0x00000000d3749938,0x00000000d4000000)
 Metaspace       used 99871K, committed 101376K, reserved 1179648K
  class space    used 9975K, committed 10688K, reserved 1048576K
}
Event: 770.693 GC heap after
{Heap after GC invocations=4093 (full 92):
 PSYoungGen      total 3072K, used 1107K [0x00000000eab00000, 0x00000000eb200000, 0x0000000100000000)
  eden space 1536K, 0% used [0x00000000eab00000,0x00000000eab00000,0x00000000eac80000)
  from space 1536K, 72% used [0x00000000eaf80000,0x00000000eb094ce0,0x00000000eb100000)
  to   space 1024K, 0% used [0x00000000eb100000,0x00000000eb100000,0x00000000eb200000)
 ParOldGen       total 327680K, used 319282K [0x00000000c0000000, 0x00000000d4000000, 0x00000000eab00000)
  object space 327680K, 97% used [0x00000000c0000000,0x00000000d37cc8f8,0x00000000d4000000)
 Metaspace       used 99871K, committed 101376K, reserved 1179648K
  class space    used 9975K, committed 10688K, reserved 1048576K
}
Event: 770.694 GC heap before
{Heap before GC invocations=4094 (full 92):
 PSYoungGen      total 3072K, used 2643K [0x00000000eab00000, 0x00000000eb200000, 0x0000000100000000)
  eden space 1536K, 100% used [0x00000000eab00000,0x00000000eac80000,0x00000000eac80000)
  from space 1536K, 72% used [0x00000000eaf80000,0x00000000eb094ce0,0x00000000eb100000)
  to   space 1024K, 0% used [0x00000000eb100000,0x00000000eb100000,0x00000000eb200000)
 ParOldGen       total 327680K, used 319282K [0x00000000c0000000, 0x00000000d4000000, 0x00000000eab00000)
  object space 327680K, 97% used [0x00000000c0000000,0x00000000d37cc8f8,0x00000000d4000000)
 Metaspace       used 99871K, committed 101376K, reserved 1179648K
  class space    used 9975K, committed 10688K, reserved 1048576K
}
Event: 770.696 GC heap after
{Heap after GC invocations=4094 (full 92):
 PSYoungGen      total 2560K, used 384K [0x00000000eab00000, 0x00000000eb180000, 0x0000000100000000)
  eden space 2048K, 0% used [0x00000000eab00000,0x00000000eab00000,0x00000000ead00000)
  from space 512K, 75% used [0x00000000eb100000,0x00000000eb160000,0x00000000eb180000)
  to   space 1024K, 0% used [0x00000000eaf80000,0x00000000eaf80000,0x00000000eb080000)
 ParOldGen       total 327680K, used 321689K [0x00000000c0000000, 0x00000000d4000000, 0x00000000eab00000)
  object space 327680K, 98% used [0x00000000c0000000,0x00000000d3a26470,0x00000000d4000000)
 Metaspace       used 99871K, committed 101376K, reserved 1179648K
  class space    used 9975K, committed 10688K, reserved 1048576K
}
Event: 770.700 GC heap before
{Heap before GC invocations=4095 (full 92):
 PSYoungGen      total 2560K, used 2349K [0x00000000eab00000, 0x00000000eb180000, 0x0000000100000000)
  eden space 2048K, 95% used [0x00000000eab00000,0x00000000eaceb650,0x00000000ead00000)
  from space 512K, 75% used [0x00000000eb100000,0x00000000eb160000,0x00000000eb180000)
  to   space 1024K, 0% used [0x00000000eaf80000,0x00000000eaf80000,0x00000000eb080000)
 ParOldGen       total 327680K, used 323993K [0x00000000c0000000, 0x00000000d4000000, 0x00000000eab00000)
  object space 327680K, 98% used [0x00000000c0000000,0x00000000d3c66630,0x00000000d4000000)
 Metaspace       used 99871K, committed 101376K, reserved 1179648K
  class space    used 9975K, committed 10688K, reserved 1048576K
}
Event: 770.702 GC heap after
{Heap after GC invocations=4095 (full 92):
 PSYoungGen      total 3584K, used 1024K [0x00000000eab00000, 0x00000000eb280000, 0x0000000100000000)
  eden space 2560K, 0% used [0x00000000eab00000,0x00000000eab00000,0x00000000ead80000)
  from space 1024K, 100% used [0x00000000eaf80000,0x00000000eb080000,0x00000000eb080000)
  to   space 2048K, 0% used [0x00000000eb080000,0x00000000eb080000,0x00000000eb280000)
 ParOldGen       total 327680K, used 325033K [0x00000000c0000000, 0x00000000d4000000, 0x00000000eab00000)
  object space 327680K, 99% used [0x00000000c0000000,0x00000000d3d6a498,0x00000000d4000000)
 Metaspace       used 99871K, committed 101376K, reserved 1179648K
  class space    used 9975K, committed 10688K, reserved 1048576K
}
Event: 770.708 GC heap before
{Heap before GC invocations=4096 (full 92):
 PSYoungGen      total 3584K, used 3584K [0x00000000eab00000, 0x00000000eb280000, 0x0000000100000000)
  eden space 2560K, 100% used [0x00000000eab00000,0x00000000ead80000,0x00000000ead80000)
  from space 1024K, 100% used [0x00000000eaf80000,0x00000000eb080000,0x00000000eb080000)
  to   space 2048K, 0% used [0x00000000eb080000,0x00000000eb080000,0x00000000eb280000)
 ParOldGen       total 327680K, used 325033K [0x00000000c0000000, 0x00000000d4000000, 0x00000000eab00000)
  object space 327680K, 99% used [0x00000000c0000000,0x00000000d3d6a498,0x00000000d4000000)
 Metaspace       used 99871K, committed 101376K, reserved 1179648K
  class space    used 9975K, committed 10688K, reserved 1048576K
}
Event: 770.710 GC heap after
{Heap after GC invocations=4096 (full 92):
 PSYoungGen      total 3584K, used 2019K [0x00000000eab00000, 0x00000000eb600000, 0x0000000100000000)
  eden space 1536K, 0% used [0x00000000eab00000,0x00000000eab00000,0x00000000eac80000)
  from space 2048K, 98% used [0x00000000eb080000,0x00000000eb278da0,0x00000000eb280000)
  to   space 4096K, 0% used [0x00000000eac80000,0x00000000eac80000,0x00000000eb080000)
 ParOldGen       total 327680K, used 326419K [0x00000000c0000000, 0x00000000d4000000, 0x00000000eab00000)
  object space 327680K, 99% used [0x00000000c0000000,0x00000000d3ec4ef8,0x00000000d4000000)
 Metaspace       used 99871K, committed 101376K, reserved 1179648K
  class space    used 9975K, committed 10688K, reserved 1048576K
}
Event: 770.710 GC heap before
{Heap before GC invocations=4097 (full 93):
 PSYoungGen      total 3584K, used 2019K [0x00000000eab00000, 0x00000000eb600000, 0x0000000100000000)
  eden space 1536K, 0% used [0x00000000eab00000,0x00000000eab00000,0x00000000eac80000)
  from space 2048K, 98% used [0x00000000eb080000,0x00000000eb278da0,0x00000000eb280000)
  to   space 4096K, 0% used [0x00000000eac80000,0x00000000eac80000,0x00000000eb080000)
 ParOldGen       total 327680K, used 326419K [0x00000000c0000000, 0x00000000d4000000, 0x00000000eab00000)
  object space 327680K, 99% used [0x00000000c0000000,0x00000000d3ec4ef8,0x00000000d4000000)
 Metaspace       used 99871K, committed 101376K, reserved 1179648K
  class space    used 9975K, committed 10688K, reserved 1048576K
}

